<?xml version="1.0" encoding="UTF-8"?>
<!-- Generated by org.testng.reporters.JUnitXMLReporter -->
<testsuite ignored="0" hostname="TYSS-Piyush-Baldaniya" failures="0" tests="5" name="Default test" time="0.085" errors="0" timestamp="2025-06-23T13:56:54 IST">
  <testcase classname="extra.Demo1" name="main1" time="0.014"/>
  <testcase classname="extra.Demo1" name="main2" time="0.003"/>
  <testcase classname="extra.Demo1" name="main3" time="0.002"/>
  <testcase classname="extra.Demo1" name="main4" time="0.002"/>
  <testcase classname="extra.Demo1" name="main5" time="0.002"/>
</testsuite> <!-- Default test -->
