<?xml version="1.0" encoding="UTF-8"?>
<!-- Generated by org.testng.reporters.JUnitXMLReporter -->
<testsuite ignored="0" hostname="TYSS-Piyush-Baldaniya" failures="0" tests="10" name="Test" time="0.177" errors="0" timestamp="2025-06-23T14:27:52 IST">
  <testcase classname="extra.Demo2" name="case1" time="0.016"/>
  <testcase classname="extra.Demo2" name="case2" time="0.003"/>
  <testcase classname="extra.Demo2" name="case3" time="0.006"/>
  <testcase classname="extra.Demo2" name="case4" time="0.002"/>
  <testcase classname="extra.Demo2" name="case5" time="0.005"/>
  <testcase classname="extra.Demo1" name="main1" time="0.005"/>
  <testcase classname="extra.Demo1" name="main2" time="0.004"/>
  <testcase classname="extra.Demo1" name="main3" time="0.003"/>
  <testcase classname="extra.Demo1" name="main4" time="0.003"/>
  <testcase classname="extra.Demo1" name="main5" time="0.002"/>
</testsuite> <!-- Test -->
